15:22:59.714 INFO [ActiveSessionFactory.apply] - Capabilities are: {
  "acceptInsecureCerts": true,
  "browserName": "chrome"
}
15:22:59.716 INFO [ActiveSessionFactory.apply] - Capabilities are: {
  "browserName": "firefox",
  "moz:firefoxOptions": {
    "args": [
      "-remote-debugging-port",
      "33439"
    ]
  }
}
15:22:59.717 INFO [ActiveSessionFactory.lambda$apply$11] - Matched factory org.openqa.selenium.grid.session.remote.ServicedSession$Factory (provider: org.openqa.selenium.chrome.ChromeDriverService)
15:22:59.717 INFO [ActiveSessionFactory.lambda$apply$11] - Matched factory org.openqa.selenium.grid.session.remote.ServicedSession$Factory (provider: org.openqa.selenium.firefox.GeckoDriverService)
Starting ChromeDriver 85.0.4183.87 (cd6713ebf92fa1cacc0f1a598df280093af0c5d7-refs/branch-heads/4183@{#1689}) on port 31025
Only local connections are allowed.
Please see https://chromedriver.chromium.org/security-considerations for suggestions on keeping ChromeDriver safe.
ChromeDriver was started successfully.
1599571379953	mozrunner::runner	INFO	Running command: "/usr/bin/firefox" "-marionette" "-remote-debugging-port" "33439" "-foreground" "-no-remote" "-profile" "/tmp/rust_mozprofile2E978f"
15:23:00.411 INFO [ProtocolHandshake.createSession] - Detected dialect: W3C
15:23:00.442 INFO [RemoteSession$Factory.lambda$performHandshake$0] - Started new session c0132c900de2fc5d110c92af96fd958d (org.openqa.selenium.chrome.ChromeDriverService)
console.error: SearchCache: "_readCacheFile: Error reading cache file:" (new Error("", "(unknown module)"))
JavaScript error: resource://gre/modules/TelemetryUtils.jsm, line 159: TypeError: date is undefined
1599571382954	Marionette	INFO	Listening on port 40145
15:23:03.044 INFO [ProtocolHandshake.createSession] - Detected dialect: W3C
15:23:03.046 INFO [RemoteSession$Factory.lambda$performHandshake$0] - Started new session b99052a3-41f6-4cca-8ba9-954eb090ea06 (org.openqa.selenium.firefox.GeckoDriverService)
JavaScript error: resource://gre/modules/URIFixup.jsm, line 271: NS_ERROR_FAILURE: Should pass a non-null uri
15:23:05.405 INFO [ActiveSessions$1.onStop] - Removing session c0132c900de2fc5d110c92af96fd958d (org.openqa.selenium.chrome.ChromeDriverService)
1599571427400	Marionette	INFO	Stopped listening on port 40145
15:23:47.908 INFO [ActiveSessions$1.onStop] - Removing session b99052a3-41f6-4cca-8ba9-954eb090ea06 (org.openqa.selenium.firefox.GeckoDriverService)
